# JRE version: OpenJDK Runtime Environment Corretto-21.0.6.7.1 (21.0.6+7) (build 21.0.6+7-LTS)
# Java VM: OpenJDK 64-Bit Server VM Corretto-21.0.6.7.1 (21.0.6+7-LTS, mixed mode, sharing, tiered, compressed oops, compressed class ptrs, g1 gc, linux-amd64)
GC Precious Log:
 CardTable entry size: 512
 Card Set container configuration: InlinePtr #cards 5 size 8 Array Of Cards #cards 12 size 40 Howl #buckets 4 coarsen threshold 1843 Howl Bitmap #cards 512 size 80 coarsen threshold 460 Card regions per heap region 1 cards per card region 2048
 CPUs: 4 total, 4 available
 Memory: 7840M
 Large Page Support: Disabled
 NUMA Support: Disabled
 Compressed Oops: Enabled (32-bit)
 Heap Region Size: 1M
 Heap Min Capacity: 8M
 Heap Initial Capacity: 124M
 Heap Max Capacity: 1962M
 Pre-touch: Disabled
 Parallel Workers: 4
 Concurrent Workers: 1
 Concurrent Refinement Workers: 4
 Periodic GC: Disabled
Heap:
 garbage-first heap   total 112640K, used 57301K [0x0000000085600000, 0x0000000100000000)
  region size 1024K, 18 young (18432K), 5 survivors (5120K)
 Metaspace       used 23361K, committed 23680K, reserved 1114112K
  class space    used 3201K, committed 3392K, reserved 1048576K
GC Heap History (10 events):
Event: 1.728 GC heap before
{Heap before GC invocations=0 (full 0):
 garbage-first heap   total 129024K, used 13361K [0x0000000085600000, 0x0000000100000000)
  region size 1024K, 13 young (13312K), 0 survivors (0K)
 Metaspace       used 3522K, committed 3712K, reserved 1114112K
  class space    used 354K, committed 448K, reserved 1048576K
}
Event: 1.735 GC heap after
{Heap after GC invocations=1 (full 0):
 garbage-first heap   total 129024K, used 6954K [0x0000000085600000, 0x0000000100000000)
  region size 1024K, 2 young (2048K), 2 survivors (2048K)
 Metaspace       used 3522K, committed 3712K, reserved 1114112K
  class space    used 354K, committed 448K, reserved 1048576K
}
Event: 2.259 GC heap before
{Heap before GC invocations=1 (full 0):
 garbage-first heap   total 129024K, used 16170K [0x0000000085600000, 0x0000000100000000)
  region size 1024K, 12 young (12288K), 2 survivors (2048K)
 Metaspace       used 6794K, committed 6912K, reserved 1114112K
  class space    used 897K, committed 960K, reserved 1048576K
}
Event: 2.263 GC heap after
{Heap after GC invocations=2 (full 0):
 garbage-first heap   total 129024K, used 9306K [0x0000000085600000, 0x0000000100000000)
  region size 1024K, 2 young (2048K), 2 survivors (2048K)
 Metaspace       used 6794K, committed 6912K, reserved 1114112K
  class space    used 897K, committed 960K, reserved 1048576K
}
Event: 8.894 GC heap before
{Heap before GC invocations=2 (full 0):
 garbage-first heap   total 129024K, used 47194K [0x0000000085600000, 0x0000000100000000)
  region size 1024K, 33 young (33792K), 2 survivors (2048K)
 Metaspace       used 16721K, committed 17088K, reserved 1114112K
  class space    used 2371K, committed 2560K, reserved 1048576K
}
Event: 8.906 GC heap after
{Heap after GC invocations=3 (full 0):
 garbage-first heap   total 129024K, used 17309K [0x0000000085600000, 0x0000000100000000)
  region size 1024K, 5 young (5120K), 5 survivors (5120K)
 Metaspace       used 16721K, committed 17088K, reserved 1114112K
  class space    used 2371K, committed 2560K, reserved 1048576K
}
Event: 28.405 GC heap before
{Heap before GC invocations=3 (full 0):
 garbage-first heap   total 129024K, used 68509K [0x0000000085600000, 0x0000000100000000)
  region size 1024K, 52 young (53248K), 5 survivors (5120K)
 Metaspace       used 21226K, committed 21504K, reserved 1114112K
  class space    used 3026K, committed 3200K, reserved 1048576K
}
Event: 28.445 GC heap after
{Heap after GC invocations=4 (full 0):
 garbage-first heap   total 129024K, used 32725K [0x0000000085600000, 0x0000000100000000)
  region size 1024K, 7 young (7168K), 7 survivors (7168K)
 Metaspace       used 21226K, committed 21504K, reserved 1114112K
  class space    used 3026K, committed 3200K, reserved 1048576K
}
Event: 29.891 GC heap before
{Heap before GC invocations=5 (full 0):
 garbage-first heap   total 112640K, used 63445K [0x0000000085600000, 0x0000000100000000)
  region size 1024K, 37 young (37888K), 7 survivors (7168K)
 Metaspace       used 21613K, committed 21952K, reserved 1114112K
  class space    used 3062K, committed 3200K, reserved 1048576K
}
Event: 29.955 GC heap after
{Heap after GC invocations=6 (full 0):
 garbage-first heap   total 112640K, used 46037K [0x0000000085600000, 0x0000000100000000)
  region size 1024K, 5 young (5120K), 5 survivors (5120K)
 Metaspace       used 21613K, committed 21952K, reserved 1114112K
  class space    used 3062K, committed 3200K, reserved 1048576K
}

