# JRE version: OpenJDK Runtime Environment Corretto-21.0.6.7.1 (21.0.6+7) (build 21.0.6+7-LTS)
# Java VM: OpenJDK 64-Bit Server VM Corretto-21.0.6.7.1 (21.0.6+7-LTS, mixed mode, sharing, tiered, compressed oops, compressed class ptrs, g1 gc, linux-amd64)
GC Precious Log:
 CardTable entry size: 512
 Card Set container configuration: InlinePtr #cards 5 size 8 Array Of Cards #cards 12 size 40 Howl #buckets 4 coarsen threshold 1843 Howl Bitmap #cards 512 size 80 coarsen threshold 460 Card regions per heap region 1 cards per card region 2048
 CPUs: 4 total, 4 available
 Memory: 7840M
 Large Page Support: Disabled
 NUMA Support: Disabled
 Compressed Oops: Enabled (32-bit)
 Heap Region Size: 1M
 Heap Min Capacity: 8M
 Heap Initial Capacity: 124M
 Heap Max Capacity: 1962M
 Pre-touch: Disabled
 Parallel Workers: 4
 Concurrent Workers: 1
 Concurrent Refinement Workers: 4
 Periodic GC: Disabled
Heap:
 garbage-first heap   total 128000K, used 84696K [0x0000000085600000, 0x0000000100000000)
  region size 1024K, 15 young (15360K), 1 survivors (1024K)
 Metaspace       used 24059K, committed 24384K, reserved 1114112K
  class space    used 3237K, committed 3392K, reserved 1048576K
GC Heap History (18 events):
Event: 1.781 GC heap before
{Heap before GC invocations=0 (full 0):
 garbage-first heap   total 129024K, used 13361K [0x0000000085600000, 0x0000000100000000)
  region size 1024K, 13 young (13312K), 0 survivors (0K)
 Metaspace       used 3515K, committed 3712K, reserved 1114112K
  class space    used 354K, committed 448K, reserved 1048576K
}
Event: 1.788 GC heap after
{Heap after GC invocations=1 (full 0):
 garbage-first heap   total 129024K, used 7100K [0x0000000085600000, 0x0000000100000000)
  region size 1024K, 2 young (2048K), 2 survivors (2048K)
 Metaspace       used 3515K, committed 3712K, reserved 1114112K
  class space    used 354K, committed 448K, reserved 1048576K
}
Event: 2.312 GC heap before
{Heap before GC invocations=1 (full 0):
 garbage-first heap   total 129024K, used 17340K [0x0000000085600000, 0x0000000100000000)
  region size 1024K, 12 young (12288K), 2 survivors (2048K)
 Metaspace       used 6908K, committed 7104K, reserved 1114112K
  class space    used 907K, committed 960K, reserved 1048576K
}
Event: 2.318 GC heap after
{Heap after GC invocations=2 (full 0):
 garbage-first heap   total 129024K, used 9550K [0x0000000085600000, 0x0000000100000000)
  region size 1024K, 2 young (2048K), 2 survivors (2048K)
 Metaspace       used 6908K, committed 7104K, reserved 1114112K
  class space    used 907K, committed 960K, reserved 1048576K
}
Event: 7.027 GC heap before
{Heap before GC invocations=2 (full 0):
 garbage-first heap   total 129024K, used 46414K [0x0000000085600000, 0x0000000100000000)
  region size 1024K, 34 young (34816K), 2 survivors (2048K)
 Metaspace       used 17022K, committed 17280K, reserved 1114112K
  class space    used 2421K, committed 2560K, reserved 1048576K
}
Event: 7.044 GC heap after
{Heap after GC invocations=3 (full 0):
 garbage-first heap   total 129024K, used 17244K [0x0000000085600000, 0x0000000100000000)
  region size 1024K, 5 young (5120K), 5 survivors (5120K)
 Metaspace       used 17022K, committed 17280K, reserved 1114112K
  class space    used 2421K, committed 2560K, reserved 1048576K
}
Event: 23.233 GC heap before
{Heap before GC invocations=3 (full 0):
 garbage-first heap   total 129024K, used 66396K [0x0000000085600000, 0x0000000100000000)
  region size 1024K, 49 young (50176K), 5 survivors (5120K)
 Metaspace       used 21186K, committed 21440K, reserved 1114112K
  class space    used 3028K, committed 3136K, reserved 1048576K
}
Event: 23.266 GC heap after
{Heap after GC invocations=4 (full 0):
 garbage-first heap   total 129024K, used 27606K [0x0000000085600000, 0x0000000100000000)
  region size 1024K, 7 young (7168K), 7 survivors (7168K)
 Metaspace       used 21186K, committed 21440K, reserved 1114112K
  class space    used 3028K, committed 3136K, reserved 1048576K
}
Event: 24.148 GC heap before
{Heap before GC invocations=4 (full 0):
 garbage-first heap   total 129024K, used 29654K [0x0000000085600000, 0x0000000100000000)
  region size 1024K, 10 young (10240K), 7 survivors (7168K)
 Metaspace       used 21264K, committed 21504K, reserved 1114112K
  class space    used 3031K, committed 3136K, reserved 1048576K
}
Event: 24.167 GC heap after
{Heap after GC invocations=5 (full 0):
 garbage-first heap   total 129024K, used 29450K [0x0000000085600000, 0x0000000100000000)
  region size 1024K, 1 young (1024K), 1 survivors (1024K)
 Metaspace       used 21264K, committed 21504K, reserved 1114112K
  class space    used 3031K, committed 3136K, reserved 1048576K
}
Event: 32.835 GC heap before
{Heap before GC invocations=6 (full 0):
 garbage-first heap   total 102400K, used 100106K [0x0000000085600000, 0x0000000100000000)
  region size 1024K, 58 young (59392K), 1 survivors (1024K)
 Metaspace       used 23500K, committed 23872K, reserved 1114112K
  class space    used 3221K, committed 3392K, reserved 1048576K
}
Event: 32.937 GC heap after
{Heap after GC invocations=7 (full 0):
 garbage-first heap   total 128000K, used 55050K [0x0000000085600000, 0x0000000100000000)
  region size 1024K, 8 young (8192K), 8 survivors (8192K)
 Metaspace       used 23500K, committed 23872K, reserved 1114112K
  class space    used 3221K, committed 3392K, reserved 1048576K
}
Event: 80.934 GC heap before
{Heap before GC invocations=7 (full 0):
 garbage-first heap   total 128000K, used 98058K [0x0000000085600000, 0x0000000100000000)
  region size 1024K, 48 young (49152K), 8 survivors (8192K)
 Metaspace       used 23788K, committed 24128K, reserved 1114112K
  class space    used 3237K, committed 3392K, reserved 1048576K
}
Event: 81.031 GC heap after
{Heap after GC invocations=8 (full 0):
 garbage-first heap   total 128000K, used 72408K [0x0000000085600000, 0x0000000100000000)
  region size 1024K, 6 young (6144K), 6 survivors (6144K)
 Metaspace       used 23788K, committed 24128K, reserved 1114112K
  class space    used 3237K, committed 3392K, reserved 1048576K
}
Event: 86.403 GC heap before
{Heap before GC invocations=8 (full 0):
 garbage-first heap   total 128000K, used 86744K [0x0000000085600000, 0x0000000100000000)
  region size 1024K, 21 young (21504K), 6 survivors (6144K)
 Metaspace       used 23912K, committed 24192K, reserved 1114112K
  class space    used 3237K, committed 3392K, reserved 1048576K
}
Event: 86.417 GC heap after
{Heap after GC invocations=9 (full 0):
 garbage-first heap   total 128000K, used 73432K [0x0000000085600000, 0x0000000100000000)
  region size 1024K, 5 young (5120K), 5 survivors (5120K)
 Metaspace       used 23912K, committed 24192K, reserved 1114112K
  class space    used 3237K, committed 3392K, reserved 1048576K
}
Event: 86.820 GC heap before
{Heap before GC invocations=9 (full 0):
 garbage-first heap   total 128000K, used 74456K [0x0000000085600000, 0x0000000100000000)
  region size 1024K, 7 young (7168K), 5 survivors (5120K)
 Metaspace       used 23954K, committed 24320K, reserved 1114112K
  class space    used 3237K, committed 3392K, reserved 1048576K
}
Event: 86.850 GC heap after
{Heap after GC invocations=10 (full 0):
 garbage-first heap   total 128000K, used 72408K [0x0000000085600000, 0x0000000100000000)
  region size 1024K, 1 young (1024K), 1 survivors (1024K)
 Metaspace       used 23954K, committed 24320K, reserved 1114112K
  class space    used 3237K, committed 3392K, reserved 1048576K
}

