# JRE version: OpenJDK Runtime Environment Corretto-21.0.6.7.1 (21.0.6+7) (build 21.0.6+7-LTS)
# Java VM: OpenJDK 64-Bit Server VM Corretto-21.0.6.7.1 (21.0.6+7-LTS, mixed mode, sharing, tiered, compressed oops, compressed class ptrs, g1 gc, linux-amd64)
GC Precious Log:
 CardTable entry size: 512
 Card Set container configuration: InlinePtr #cards 5 size 8 Array Of Cards #cards 12 size 40 Howl #buckets 4 coarsen threshold 1843 Howl Bitmap #cards 512 size 80 coarsen threshold 460 Card regions per heap region 1 cards per card region 2048
 CPUs: 4 total, 4 available
 Memory: 7840M
 Large Page Support: Disabled
 NUMA Support: Disabled
 Compressed Oops: Enabled (32-bit)
 Heap Region Size: 1M
 Heap Min Capacity: 8M
 Heap Initial Capacity: 124M
 Heap Max Capacity: 1962M
 Pre-touch: Disabled
 Parallel Workers: 4
 Concurrent Workers: 1
 Concurrent Refinement Workers: 4
 Periodic GC: Disabled
Heap:
 garbage-first heap   total 112640K, used 59953K [0x0000000085600000, 0x0000000100000000)
  region size 1024K, 23 young (23552K), 4 survivors (4096K)
 Metaspace       used 23312K, committed 23680K, reserved 1114112K
  class space    used 3202K, committed 3392K, reserved 1048576K
GC Heap History (10 events):
Event: 1.753 GC heap before
{Heap before GC invocations=0 (full 0):
 garbage-first heap   total 129024K, used 13361K [0x0000000085600000, 0x0000000100000000)
  region size 1024K, 13 young (13312K), 0 survivors (0K)
 Metaspace       used 3510K, committed 3712K, reserved 1114112K
  class space    used 354K, committed 448K, reserved 1048576K
}
Event: 1.760 GC heap after
{Heap after GC invocations=1 (full 0):
 garbage-first heap   total 129024K, used 6849K [0x0000000085600000, 0x0000000100000000)
  region size 1024K, 2 young (2048K), 2 survivors (2048K)
 Metaspace       used 3510K, committed 3712K, reserved 1114112K
  class space    used 354K, committed 448K, reserved 1048576K
}
Event: 2.270 GC heap before
{Heap before GC invocations=1 (full 0):
 garbage-first heap   total 129024K, used 16065K [0x0000000085600000, 0x0000000100000000)
  region size 1024K, 12 young (12288K), 2 survivors (2048K)
 Metaspace       used 6794K, committed 6912K, reserved 1114112K
  class space    used 897K, committed 960K, reserved 1048576K
}
Event: 2.274 GC heap after
{Heap after GC invocations=2 (full 0):
 garbage-first heap   total 129024K, used 8330K [0x0000000085600000, 0x0000000100000000)
  region size 1024K, 2 young (2048K), 2 survivors (2048K)
 Metaspace       used 6794K, committed 6912K, reserved 1114112K
  class space    used 897K, committed 960K, reserved 1048576K
}
Event: 6.103 GC heap before
{Heap before GC invocations=2 (full 0):
 garbage-first heap   total 129024K, used 47242K [0x0000000085600000, 0x0000000100000000)
  region size 1024K, 35 young (35840K), 2 survivors (2048K)
 Metaspace       used 17122K, committed 17472K, reserved 1114112K
  class space    used 2462K, committed 2624K, reserved 1048576K
}
Event: 6.116 GC heap after
{Heap after GC invocations=3 (full 0):
 garbage-first heap   total 129024K, used 17071K [0x0000000085600000, 0x0000000100000000)
  region size 1024K, 5 young (5120K), 5 survivors (5120K)
 Metaspace       used 17122K, committed 17472K, reserved 1114112K
  class space    used 2462K, committed 2624K, reserved 1048576K
}
Event: 20.786 GC heap before
{Heap before GC invocations=3 (full 0):
 garbage-first heap   total 129024K, used 64175K [0x0000000085600000, 0x0000000100000000)
  region size 1024K, 48 young (49152K), 5 survivors (5120K)
 Metaspace       used 21218K, committed 21504K, reserved 1114112K
  class space    used 3027K, committed 3200K, reserved 1048576K
}
Event: 20.826 GC heap after
{Heap after GC invocations=4 (full 0):
 garbage-first heap   total 129024K, used 32817K [0x0000000085600000, 0x0000000100000000)
  region size 1024K, 7 young (7168K), 7 survivors (7168K)
 Metaspace       used 21218K, committed 21504K, reserved 1114112K
  class space    used 3027K, committed 3200K, reserved 1048576K
}
Event: 21.604 GC heap before
{Heap before GC invocations=5 (full 0):
 garbage-first heap   total 112640K, used 56369K [0x0000000085600000, 0x0000000100000000)
  region size 1024K, 30 young (30720K), 7 survivors (7168K)
 Metaspace       used 21514K, committed 21824K, reserved 1114112K
  class space    used 3063K, committed 3200K, reserved 1048576K
}
Event: 21.649 GC heap after
{Heap after GC invocations=6 (full 0):
 garbage-first heap   total 112640K, used 42545K [0x0000000085600000, 0x0000000100000000)
  region size 1024K, 4 young (4096K), 4 survivors (4096K)
 Metaspace       used 21514K, committed 21824K, reserved 1114112K
  class space    used 3063K, committed 3200K, reserved 1048576K
}

